<?xml version="1.0" encoding="UTF-8"?>
<testng-results skipped="0" failed="1" ignored="0" total="1" passed="0">
  <reporter-output>
  </reporter-output>
  <suite name="Default suite" duration-ms="67921" started-at="2016-12-09T01:39:42Z" finished-at="2016-12-09T01:40:49Z">
    <groups>
    </groups>
    <test name="Default test" duration-ms="67921" started-at="2016-12-09T01:39:42Z" finished-at="2016-12-09T01:40:49Z">
      <class name="com.scenarios.Scenario2_BenificiaryValidation">
        <test-method status="PASS" signature="preconfig()[pri:0, instance:com.scenarios.Scenario2_BenificiaryValidation@6767c1fc]" name="preconfig" is-config="true" duration-ms="25" started-at="2016-12-09T07:09:42Z" finished-at="2016-12-09T07:09:42Z">
          <reporter-output>
          </reporter-output>
        </test-method> <!-- preconfig -->
        <test-method status="PASS" signature="SetUp()[pri:0, instance:com.scenarios.Scenario2_BenificiaryValidation@6767c1fc]" name="SetUp" is-config="true" duration-ms="28248" started-at="2016-12-09T07:09:42Z" finished-at="2016-12-09T07:10:10Z">
          <reporter-output>
          </reporter-output>
        </test-method> <!-- SetUp -->
        <test-method status="FAIL" signature="verifyBenificiaryList()[pri:0, instance:com.scenarios.Scenario2_BenificiaryValidation@6767c1fc]" name="verifyBenificiaryList" duration-ms="39559" started-at="2016-12-09T07:10:10Z" finished-at="2016-12-09T07:10:49Z">
          <exception class="org.openqa.selenium.NoSuchElementException">
            <message>
              <![CDATA[An element could not be located on the page using the given search parameters. (WARNING: The server did not provide any stacktrace information)
Command duration or timeout: 8.78 seconds
For documentation on this error, please visit: http://seleniumhq.org/exceptions/no_such_element.html
Build info: version: 'unknown', revision: '1969d75', time: '2016-10-18 09:43:45 -0700'
System info: host: 'DESKTOP-61MH6G5', ip: '192.168.43.101', os.name: 'Windows 10', os.arch: 'amd64', os.version: '10.0', java.version: '1.8.0_111'
Driver info: io.appium.java_client.android.AndroidDriver
Capabilities [{appPackage=com.snapwork.hdfc, deviceType=Phone, networkConnectionEnabled=true, warnings={}, databaseEnabled=false, deviceName=9912f691, platform=LINUX, appActivity=com.snapwork.hdfc.HDFCBank, desired={appPackage=com.snapwork.hdfc, appActivity=com.snapwork.hdfc.HDFCBank, deviceType=Phone, platformVersion=6.0.1, platformName=Android, udid=9912f691, deviceName=OneplusOne}, platformVersion=6.0.1, webStorageEnabled=false, locationContextEnabled=false, browserName=Android, takesScreenshot=true, javascriptEnabled=true, platformName=Android, udid=9912f691}]
Session ID: edc92377-1b13-493f-b4b1-0d5881ac373f
*** Element info: {Using=xpath, value=//*[@resource-id='rrftr01I']}]]>
            </message>
            <full-stacktrace>
              <![CDATA[org.openqa.selenium.NoSuchElementException: An element could not be located on the page using the given search parameters. (WARNING: The server did not provide any stacktrace information)
Command duration or timeout: 8.78 seconds
For documentation on this error, please visit: http://seleniumhq.org/exceptions/no_such_element.html
Build info: version: 'unknown', revision: '1969d75', time: '2016-10-18 09:43:45 -0700'
System info: host: 'DESKTOP-61MH6G5', ip: '192.168.43.101', os.name: 'Windows 10', os.arch: 'amd64', os.version: '10.0', java.version: '1.8.0_111'
Driver info: io.appium.java_client.android.AndroidDriver
Capabilities [{appPackage=com.snapwork.hdfc, deviceType=Phone, networkConnectionEnabled=true, warnings={}, databaseEnabled=false, deviceName=9912f691, platform=LINUX, appActivity=com.snapwork.hdfc.HDFCBank, desired={appPackage=com.snapwork.hdfc, appActivity=com.snapwork.hdfc.HDFCBank, deviceType=Phone, platformVersion=6.0.1, platformName=Android, udid=9912f691, deviceName=OneplusOne}, platformVersion=6.0.1, webStorageEnabled=false, locationContextEnabled=false, browserName=Android, takesScreenshot=true, javascriptEnabled=true, platformName=Android, udid=9912f691}]
Session ID: edc92377-1b13-493f-b4b1-0d5881ac373f
*** Element info: {Using=xpath, value=//*[@resource-id='rrftr01I']}
	at sun.reflect.NativeConstructorAccessorImpl.newInstance0(Native Method)
	at sun.reflect.NativeConstructorAccessorImpl.newInstance(Unknown Source)
	at sun.reflect.DelegatingConstructorAccessorImpl.newInstance(Unknown Source)
	at java.lang.reflect.Constructor.newInstance(Unknown Source)
	at org.openqa.selenium.remote.ErrorHandler.createThrowable(ErrorHandler.java:216)
	at org.openqa.selenium.remote.ErrorHandler.throwIfResponseFailed(ErrorHandler.java:168)
	at org.openqa.selenium.remote.RemoteWebDriver.execute(RemoteWebDriver.java:635)
	at io.appium.java_client.DefaultGenericMobileDriver.execute(DefaultGenericMobileDriver.java:40)
	at io.appium.java_client.AppiumDriver.execute(AppiumDriver.java:1)
	at io.appium.java_client.android.AndroidDriver.execute(AndroidDriver.java:1)
	at org.openqa.selenium.remote.RemoteWebDriver.findElement(RemoteWebDriver.java:368)
	at io.appium.java_client.DefaultGenericMobileDriver.findElement(DefaultGenericMobileDriver.java:56)
	at io.appium.java_client.AppiumDriver.findElement(AppiumDriver.java:1)
	at io.appium.java_client.android.AndroidDriver.findElement(AndroidDriver.java:1)
	at org.openqa.selenium.remote.RemoteWebDriver.findElementByXPath(RemoteWebDriver.java:473)
	at io.appium.java_client.DefaultGenericMobileDriver.findElementByXPath(DefaultGenericMobileDriver.java:134)
	at io.appium.java_client.AppiumDriver.findElementByXPath(AppiumDriver.java:1)
	at io.appium.java_client.android.AndroidDriver.findElementByXPath(AndroidDriver.java:1)
	at org.openqa.selenium.By$ByXPath.findElement(By.java:361)
	at org.openqa.selenium.remote.RemoteWebDriver.findElement(RemoteWebDriver.java:360)
	at io.appium.java_client.DefaultGenericMobileDriver.findElement(DefaultGenericMobileDriver.java:52)
	at io.appium.java_client.AppiumDriver.findElement(AppiumDriver.java:1)
	at io.appium.java_client.android.AndroidDriver.findElement(AndroidDriver.java:1)
	at com.scenarios.businessComponentsHDFC.tapFundTransfer(businessComponentsHDFC.java:60)
	at com.scenarios.Scenario2_BenificiaryValidation.verifyBenificiaryList(Scenario2_BenificiaryValidation.java:11)
	at sun.reflect.NativeMethodAccessorImpl.invoke0(Native Method)
	at sun.reflect.NativeMethodAccessorImpl.invoke(Unknown Source)
	at sun.reflect.DelegatingMethodAccessorImpl.invoke(Unknown Source)
	at java.lang.reflect.Method.invoke(Unknown Source)
	at org.testng.internal.MethodInvocationHelper.invokeMethod(MethodInvocationHelper.java:104)
	at org.testng.internal.Invoker.invokeMethod(Invoker.java:645)
	at org.testng.internal.Invoker.invokeTestMethod(Invoker.java:851)
	at org.testng.internal.Invoker.invokeTestMethods(Invoker.java:1177)
	at org.testng.internal.TestMethodWorker.invokeTestMethods(TestMethodWorker.java:129)
	at org.testng.internal.TestMethodWorker.run(TestMethodWorker.java:112)
	at org.testng.TestRunner.privateRun(TestRunner.java:756)
	at org.testng.TestRunner.run(TestRunner.java:610)
	at org.testng.SuiteRunner.runTest(SuiteRunner.java:387)
	at org.testng.SuiteRunner.runSequentially(SuiteRunner.java:382)
	at org.testng.SuiteRunner.privateRun(SuiteRunner.java:340)
	at org.testng.SuiteRunner.run(SuiteRunner.java:289)
	at org.testng.SuiteRunnerWorker.runSuite(SuiteRunnerWorker.java:52)
	at org.testng.SuiteRunnerWorker.run(SuiteRunnerWorker.java:86)
	at org.testng.TestNG.runSuitesSequentially(TestNG.java:1293)
	at org.testng.TestNG.runSuitesLocally(TestNG.java:1218)
	at org.testng.TestNG.runSuites(TestNG.java:1133)
	at org.testng.TestNG.run(TestNG.java:1104)
	at org.testng.remote.AbstractRemoteTestNG.run(AbstractRemoteTestNG.java:132)
	at org.testng.remote.RemoteTestNG.initAndRun(RemoteTestNG.java:236)
	at org.testng.remote.RemoteTestNG.main(RemoteTestNG.java:81)
]]>
            </full-stacktrace>
          </exception> <!-- org.openqa.selenium.NoSuchElementException -->
          <reporter-output>
          </reporter-output>
        </test-method> <!-- verifyBenificiaryList -->
        <test-method status="PASS" signature="terminate()[pri:0, instance:com.scenarios.Scenario2_BenificiaryValidation@6767c1fc]" name="terminate" is-config="true" duration-ms="1" started-at="2016-12-09T07:10:49Z" finished-at="2016-12-09T07:10:49Z">
          <reporter-output>
          </reporter-output>
        </test-method> <!-- terminate -->
      </class> <!-- com.scenarios.Scenario2_BenificiaryValidation -->
    </test> <!-- Default test -->
  </suite> <!-- Default suite -->
</testng-results>
